[debug] [2024-07-09T06:02:26.503Z] ----------------------------------------------------------------------
[debug] [2024-07-09T06:02:26.506Z] Command:       C:\Program Files\nodejs\node.exe C:\Users\DarkRai\AppData\Roaming\npm\node_modules\firebase-tools\lib\bin\firebase.js init
[debug] [2024-07-09T06:02:26.507Z] CLI Version:   13.13.0
[debug] [2024-07-09T06:02:26.507Z] Platform:      win32
[debug] [2024-07-09T06:02:26.507Z] Node Version:  v20.15.1
[debug] [2024-07-09T06:02:26.508Z] Time:          Tue Jul 09 2024 11:32:26 GMT+0530 (India Standard Time)
[debug] [2024-07-09T06:02:26.508Z] ----------------------------------------------------------------------
[debug] 
[debug] [2024-07-09T06:02:26.516Z] > command requires scopes: ["email","openid","https://www.googleapis.com/auth/cloudplatformprojects.readonly","https://www.googleapis.com/auth/firebase","https://www.googleapis.com/auth/cloud-platform"]
[debug] [2024-07-09T06:02:26.516Z] > authorizing via signed-in user (parthp90111@gmail.com)
[info] 
     ######## #### ########  ######## ########     ###     ######  ########
     ##        ##  ##     ## ##       ##     ##  ##   ##  ##       ##
     ######    ##  ########  ######   ########  #########  ######  ######
     ##        ##  ##    ##  ##       ##     ## ##     ##       ## ##
     ##       #### ##     ## ######## ########  ##     ##  ######  ########

You're about to initialize a Firebase project in this directory:

  G:\Project\mail.my\Mail-whatsapp-chat

[info] 
=== Project Setup
[info] 
[info] First, let's associate this project directory with a Firebase project.
[info] You can create multiple project aliases by running firebase use --add, 
[info] but for now we'll just set up a default project.
[info] 
[debug] [2024-07-09T06:02:34.572Z] >>> [apiv2][query] GET https://firebase.googleapis.com/v1beta1/projects pageSize=100
[debug] [2024-07-09T06:02:35.318Z] <<< [apiv2][status] GET https://firebase.googleapis.com/v1beta1/projects 200
[debug] [2024-07-09T06:02:35.318Z] <<< [apiv2][body] GET https://firebase.googleapis.com/v1beta1/projects [omitted]
[info] i  Using project mail-whatsapp-chat (Mail-whatsapp-chat) 
[info] 
=== Database Setup
[info] i  database: ensuring required API firebasedatabase.googleapis.com is enabled... 
[debug] [2024-07-09T06:02:37.097Z] >>> [apiv2][query] GET https://serviceusage.googleapis.com/v1/projects/mail-whatsapp-chat/services/firebasedatabase.googleapis.com [none]
[debug] [2024-07-09T06:02:37.097Z] >>> [apiv2][(partial)header] GET https://serviceusage.googleapis.com/v1/projects/mail-whatsapp-chat/services/firebasedatabase.googleapis.com x-goog-quota-user=projects/mail-whatsapp-chat
[debug] [2024-07-09T06:02:39.048Z] <<< [apiv2][status] GET https://serviceusage.googleapis.com/v1/projects/mail-whatsapp-chat/services/firebasedatabase.googleapis.com 200
[debug] [2024-07-09T06:02:39.048Z] <<< [apiv2][body] GET https://serviceusage.googleapis.com/v1/projects/mail-whatsapp-chat/services/firebasedatabase.googleapis.com [omitted]
[info] +  database: required API firebasedatabase.googleapis.com is enabled 
[info] 
[debug] [2024-07-09T06:02:39.049Z] >>> [apiv2][query] GET https://firebasedatabase.googleapis.com/v1beta/projects/mail-whatsapp-chat/locations/-/instances/mail-whatsapp-chat-default-rtdb [none]
[debug] [2024-07-09T06:02:40.650Z] <<< [apiv2][status] GET https://firebasedatabase.googleapis.com/v1beta/projects/mail-whatsapp-chat/locations/-/instances/mail-whatsapp-chat-default-rtdb 200
[debug] [2024-07-09T06:02:40.650Z] <<< [apiv2][body] GET https://firebasedatabase.googleapis.com/v1beta/projects/mail-whatsapp-chat/locations/-/instances/mail-whatsapp-chat-default-rtdb {"name":"projects/1024132719070/locations/asia-southeast1/instances/mail-whatsapp-chat-default-rtdb","project":"projects/1024132719070","databaseUrl":"https://mail-whatsapp-chat-default-rtdb.asia-southeast1.firebasedatabase.app","type":"DEFAULT_DATABASE","state":"ACTIVE"}
[info] 
[info] Firebase Realtime Database Security Rules allow you to define how your data should be
[info] structured and when your data can be read from and written to.
[info] 
[debug] [2024-07-09T06:02:45.098Z] >>> [apiv2][query] GET https://mail-whatsapp-chat-default-rtdb.asia-southeast1.firebasedatabase.app/.settings/rules.json [none]
[debug] [2024-07-09T06:02:45.289Z] <<< [apiv2][status] GET https://mail-whatsapp-chat-default-rtdb.asia-southeast1.firebasedatabase.app/.settings/rules.json 200
[debug] [2024-07-09T06:02:45.289Z] <<< [apiv2][body] GET https://mail-whatsapp-chat-default-rtdb.asia-southeast1.firebasedatabase.app/.settings/rules.json [stream]
[info] +  Database Rules for mail-whatsapp-chat-default-rtdb have been written to y. 
[info] Future modifications to y will update Realtime Database Security Rules when you run
[info] firebase deploy.
[info] 
=== Firestore Setup
[debug] [2024-07-09T06:02:45.292Z] >>> [apiv2][query] GET https://serviceusage.googleapis.com/v1/projects/mail-whatsapp-chat/services/firestore.googleapis.com [none]
[debug] [2024-07-09T06:02:45.293Z] >>> [apiv2][(partial)header] GET https://serviceusage.googleapis.com/v1/projects/mail-whatsapp-chat/services/firestore.googleapis.com x-goog-quota-user=projects/mail-whatsapp-chat
[debug] [2024-07-09T06:02:47.245Z] <<< [apiv2][status] GET https://serviceusage.googleapis.com/v1/projects/mail-whatsapp-chat/services/firestore.googleapis.com 200
[debug] [2024-07-09T06:02:47.245Z] <<< [apiv2][body] GET https://serviceusage.googleapis.com/v1/projects/mail-whatsapp-chat/services/firestore.googleapis.com [omitted]
[debug] [2024-07-09T06:02:47.245Z] >>> [apiv2][query] GET https://firestore.googleapis.com/v1/projects/mail-whatsapp-chat/databases/(default) [none]
[debug] [2024-07-09T06:02:47.664Z] <<< [apiv2][status] GET https://firestore.googleapis.com/v1/projects/mail-whatsapp-chat/databases/(default) 200
[debug] [2024-07-09T06:02:47.664Z] <<< [apiv2][body] GET https://firestore.googleapis.com/v1/projects/mail-whatsapp-chat/databases/(default) {"name":"projects/mail-whatsapp-chat/databases/(default)","uid":"de5529a9-c1b3-4279-a766-d7c6b9b588db","createTime":"2024-07-09T06:01:23.395003Z","updateTime":"2024-07-09T06:01:23.395003Z","locationId":"asia-south1","type":"FIRESTORE_NATIVE","concurrencyMode":"PESSIMISTIC","versionRetentionPeriod":"3600s","earliestVersionTime":"2024-07-09T06:01:23.395003Z","appEngineIntegrationMode":"DISABLED","keyPrefix":"j","pointInTimeRecoveryEnablement":"POINT_IN_TIME_RECOVERY_DISABLED","deleteProtectionState":"DELETE_PROTECTION_DISABLED","etag":"IPLcuLukmYcDMLvzopOkmYcD"}
[debug] [2024-07-09T06:02:47.664Z] database_type: FIRESTORE_NATIVE
[debug] [2024-07-09T06:02:47.665Z] > command requires scopes: ["email","openid","https://www.googleapis.com/auth/cloudplatformprojects.readonly","https://www.googleapis.com/auth/firebase","https://www.googleapis.com/auth/cloud-platform"]
[debug] [2024-07-09T06:02:47.665Z] > authorizing via signed-in user (parthp90111@gmail.com)
[debug] [2024-07-09T06:02:47.665Z] [iam] checking project mail-whatsapp-chat for permissions ["firebase.projects.get"]
[debug] [2024-07-09T06:02:47.665Z] >>> [apiv2][query] POST https://cloudresourcemanager.googleapis.com/v1/projects/mail-whatsapp-chat:testIamPermissions [none]
[debug] [2024-07-09T06:02:47.665Z] >>> [apiv2][(partial)header] POST https://cloudresourcemanager.googleapis.com/v1/projects/mail-whatsapp-chat:testIamPermissions x-goog-quota-user=projects/mail-whatsapp-chat
[debug] [2024-07-09T06:02:47.665Z] >>> [apiv2][body] POST https://cloudresourcemanager.googleapis.com/v1/projects/mail-whatsapp-chat:testIamPermissions {"permissions":["firebase.projects.get"]}
[debug] [2024-07-09T06:02:49.264Z] <<< [apiv2][status] POST https://cloudresourcemanager.googleapis.com/v1/projects/mail-whatsapp-chat:testIamPermissions 200
[debug] [2024-07-09T06:02:49.265Z] <<< [apiv2][body] POST https://cloudresourcemanager.googleapis.com/v1/projects/mail-whatsapp-chat:testIamPermissions {"permissions":["firebase.projects.get"]}
[info] 
[info] Firestore Security Rules allow you to define how and when to allow
[info] requests. You can keep these rules in your project directory
[info] and publish them with firebase deploy.
[info] 
[debug] [2024-07-09T06:02:53.475Z] >>> [apiv2][query] GET https://firebaserules.googleapis.com/v1/projects/mail-whatsapp-chat/releases pageSize=10&pageToken=
[debug] [2024-07-09T06:02:54.944Z] <<< [apiv2][status] GET https://firebaserules.googleapis.com/v1/projects/mail-whatsapp-chat/releases 200
[debug] [2024-07-09T06:02:54.944Z] <<< [apiv2][body] GET https://firebaserules.googleapis.com/v1/projects/mail-whatsapp-chat/releases {"releases":[{"name":"projects/mail-whatsapp-chat/releases/cloud.firestore","rulesetName":"projects/mail-whatsapp-chat/rulesets/ca604c4c-abb6-4c6e-92c9-744043e391c7","createTime":"2024-07-09T06:01:32.941347Z","updateTime":"2024-07-09T06:01:32.941347Z"}]}
[debug] [2024-07-09T06:02:54.944Z] Found ruleset: projects/mail-whatsapp-chat/rulesets/ca604c4c-abb6-4c6e-92c9-744043e391c7
[debug] [2024-07-09T06:02:54.944Z] >>> [apiv2][query] GET https://firebaserules.googleapis.com/v1/projects/mail-whatsapp-chat/rulesets/ca604c4c-abb6-4c6e-92c9-744043e391c7 [none]
[debug] [2024-07-09T06:02:56.264Z] <<< [apiv2][status] GET https://firebaserules.googleapis.com/v1/projects/mail-whatsapp-chat/rulesets/ca604c4c-abb6-4c6e-92c9-744043e391c7 200
[debug] [2024-07-09T06:02:56.264Z] <<< [apiv2][body] GET https://firebaserules.googleapis.com/v1/projects/mail-whatsapp-chat/rulesets/ca604c4c-abb6-4c6e-92c9-744043e391c7 [omitted]
[info] 
[info] Firestore indexes allow you to perform complex queries while
[info] maintaining performance that scales with the size of the result
[info] set. You can keep index definitions in your project directory
[info] and publish them with firebase deploy.
[info] 
[debug] [2024-07-09T06:03:02.002Z] >>> [apiv2][query] GET https://firestore.googleapis.com/v1/projects/mail-whatsapp-chat/databases/(default)/collectionGroups/-/indexes [none]
[debug] [2024-07-09T06:03:02.004Z] >>> [apiv2][query] GET https://firestore.googleapis.com/v1/projects/mail-whatsapp-chat/databases/(default)/collectionGroups/-/fields?filter=indexConfig.usesAncestorConfig=false OR ttlConfig:* [none]
[debug] [2024-07-09T06:03:02.419Z] <<< [apiv2][status] GET https://firestore.googleapis.com/v1/projects/mail-whatsapp-chat/databases/(default)/collectionGroups/-/indexes 200
[debug] [2024-07-09T06:03:02.419Z] <<< [apiv2][body] GET https://firestore.googleapis.com/v1/projects/mail-whatsapp-chat/databases/(default)/collectionGroups/-/indexes {}
[debug] [2024-07-09T06:03:02.497Z] <<< [apiv2][status] GET https://firestore.googleapis.com/v1/projects/mail-whatsapp-chat/databases/(default)/collectionGroups/-/fields?filter=indexConfig.usesAncestorConfig=false OR ttlConfig:* 200
[debug] [2024-07-09T06:03:02.497Z] <<< [apiv2][body] GET https://firestore.googleapis.com/v1/projects/mail-whatsapp-chat/databases/(default)/collectionGroups/-/fields?filter=indexConfig.usesAncestorConfig=false OR ttlConfig:* {"fields":[{"name":"projects/mail-whatsapp-chat/databases/(default)/collectionGroups/__default__/fields/*","indexConfig":{"indexes":[{"queryScope":"COLLECTION","fields":[{"fieldPath":"*","order":"ASCENDING"}],"state":"READY"},{"queryScope":"COLLECTION","fields":[{"fieldPath":"*","order":"DESCENDING"}],"state":"READY"},{"queryScope":"COLLECTION","fields":[{"fieldPath":"*","arrayConfig":"CONTAINS"}],"state":"READY"}]}}]}
[info] 
=== Functions Setup
[debug] [2024-07-09T06:03:02.499Z] > command requires scopes: ["email","openid","https://www.googleapis.com/auth/cloudplatformprojects.readonly","https://www.googleapis.com/auth/firebase","https://www.googleapis.com/auth/cloud-platform"]
[debug] [2024-07-09T06:03:02.499Z] > authorizing via signed-in user (parthp90111@gmail.com)
[debug] [2024-07-09T06:03:02.499Z] [iam] checking project mail-whatsapp-chat for permissions ["firebase.projects.get"]
[debug] [2024-07-09T06:03:02.500Z] >>> [apiv2][query] POST https://cloudresourcemanager.googleapis.com/v1/projects/mail-whatsapp-chat:testIamPermissions [none]
[debug] [2024-07-09T06:03:02.500Z] >>> [apiv2][(partial)header] POST https://cloudresourcemanager.googleapis.com/v1/projects/mail-whatsapp-chat:testIamPermissions x-goog-quota-user=projects/mail-whatsapp-chat
[debug] [2024-07-09T06:03:02.500Z] >>> [apiv2][body] POST https://cloudresourcemanager.googleapis.com/v1/projects/mail-whatsapp-chat:testIamPermissions {"permissions":["firebase.projects.get"]}
[debug] [2024-07-09T06:03:04.073Z] <<< [apiv2][status] POST https://cloudresourcemanager.googleapis.com/v1/projects/mail-whatsapp-chat:testIamPermissions 200
[debug] [2024-07-09T06:03:04.073Z] <<< [apiv2][body] POST https://cloudresourcemanager.googleapis.com/v1/projects/mail-whatsapp-chat:testIamPermissions {"permissions":["firebase.projects.get"]}
[debug] [2024-07-09T06:03:04.074Z] >>> [apiv2][query] GET https://serviceusage.googleapis.com/v1/projects/mail-whatsapp-chat/services/cloudfunctions.googleapis.com [none]
[debug] [2024-07-09T06:03:04.074Z] >>> [apiv2][(partial)header] GET https://serviceusage.googleapis.com/v1/projects/mail-whatsapp-chat/services/cloudfunctions.googleapis.com x-goog-quota-user=projects/mail-whatsapp-chat
[debug] [2024-07-09T06:03:04.076Z] >>> [apiv2][query] GET https://serviceusage.googleapis.com/v1/projects/mail-whatsapp-chat/services/runtimeconfig.googleapis.com [none]
[debug] [2024-07-09T06:03:04.076Z] >>> [apiv2][(partial)header] GET https://serviceusage.googleapis.com/v1/projects/mail-whatsapp-chat/services/runtimeconfig.googleapis.com x-goog-quota-user=projects/mail-whatsapp-chat
[debug] [2024-07-09T06:03:06.011Z] <<< [apiv2][status] GET https://serviceusage.googleapis.com/v1/projects/mail-whatsapp-chat/services/runtimeconfig.googleapis.com 200
[debug] [2024-07-09T06:03:06.011Z] <<< [apiv2][body] GET https://serviceusage.googleapis.com/v1/projects/mail-whatsapp-chat/services/runtimeconfig.googleapis.com [omitted]
[debug] [2024-07-09T06:03:06.019Z] <<< [apiv2][status] GET https://serviceusage.googleapis.com/v1/projects/mail-whatsapp-chat/services/cloudfunctions.googleapis.com 200
[debug] [2024-07-09T06:03:06.019Z] <<< [apiv2][body] GET https://serviceusage.googleapis.com/v1/projects/mail-whatsapp-chat/services/cloudfunctions.googleapis.com [omitted]
[debug] [2024-07-09T06:03:06.020Z] >>> [apiv2][query] POST https://serviceusage.googleapis.com/v1/projects/mail-whatsapp-chat/services/cloudfunctions.googleapis.com:enable [none]
[debug] [2024-07-09T06:03:06.020Z] >>> [apiv2][(partial)header] POST https://serviceusage.googleapis.com/v1/projects/mail-whatsapp-chat/services/cloudfunctions.googleapis.com:enable x-goog-quota-user=projects/mail-whatsapp-chat
[debug] [2024-07-09T06:03:06.628Z] <<< [apiv2][status] POST https://serviceusage.googleapis.com/v1/projects/mail-whatsapp-chat/services/cloudfunctions.googleapis.com:enable 200
[debug] [2024-07-09T06:03:06.628Z] <<< [apiv2][body] POST https://serviceusage.googleapis.com/v1/projects/mail-whatsapp-chat/services/cloudfunctions.googleapis.com:enable [omitted]
[debug] [2024-07-09T06:03:16.630Z] >>> [apiv2][query] GET https://serviceusage.googleapis.com/v1/projects/mail-whatsapp-chat/services/cloudfunctions.googleapis.com [none]
[debug] [2024-07-09T06:03:16.630Z] >>> [apiv2][(partial)header] GET https://serviceusage.googleapis.com/v1/projects/mail-whatsapp-chat/services/cloudfunctions.googleapis.com x-goog-quota-user=projects/mail-whatsapp-chat
[debug] [2024-07-09T06:03:18.609Z] <<< [apiv2][status] GET https://serviceusage.googleapis.com/v1/projects/mail-whatsapp-chat/services/cloudfunctions.googleapis.com 200
[debug] [2024-07-09T06:03:18.609Z] <<< [apiv2][body] GET https://serviceusage.googleapis.com/v1/projects/mail-whatsapp-chat/services/cloudfunctions.googleapis.com [omitted]
[info] Let's create a new codebase for your functions.
[info] A directory corresponding to the codebase will be created in your project
[info] with sample code pre-configured.

[info] See https://firebase.google.com/docs/functions/organize-functions for
[info] more information on organizing your functions using codebases.

[info] Functions can be deployed with firebase deploy.

[info] +  Wrote functions/requirements.txt 
[info] +  Wrote functions/.gitignore 
[info] +  Wrote functions/main.py 
[debug] [2024-07-09T06:03:52.031Z] Running command with virtualenv: command="G:\Project\mail.my\Mail-whatsapp-chat\functions\venv\Scripts\activate.bat", args=["","&&","pip3","install","--upgrade","pip"]
[debug] [2024-07-09T06:03:57.719Z] Error: spawn "G:\Project\mail.my\Mail-whatsapp-chat\functions\venv\Scripts\activate.bat" ENOENT
    at notFoundError (C:\Users\DarkRai\AppData\Roaming\npm\node_modules\firebase-tools\node_modules\cross-spawn\lib\enoent.js:6:26)
    at verifyENOENT (C:\Users\DarkRai\AppData\Roaming\npm\node_modules\firebase-tools\node_modules\cross-spawn\lib\enoent.js:40:16)
    at cp.emit (C:\Users\DarkRai\AppData\Roaming\npm\node_modules\firebase-tools\node_modules\cross-spawn\lib\enoent.js:27:25)
    at ChildProcess._handle.onexit (node:internal/child_process:294:12)
[error] 
[error] Error: An unexpected error has occurred.
